<?xml version="1.0" encoding="UTF-8"?>
<!-- Generated by org.testng.reporters.JUnitReportReporter -->
<testsuite hostname="NPC2" failures="0" tests="1" name="rahulshettyacademy.tests.ErrorValidationsTest" time="7.588" errors="0" timestamp="2024-06-06T20:12:16 EDT" skipped="0">
  <testcase classname="rahulshettyacademy.tests.ErrorValidationsTest" name="LoginErorValidation" time="7.588"/>
</testsuite> <!-- rahulshettyacademy.tests.ErrorValidationsTest -->
