<?xml version="1.0" encoding="UTF-8"?>
<!-- Generated by org.testng.reporters.JUnitReportReporter -->
<testsuite hostname="NPC2" failures="0" tests="1" name="rahulshettyacademy.tests.ErrorValidations" time="7.213" errors="0" timestamp="2024-06-06T18:15:48 EDT" skipped="0">
  <testcase classname="rahulshettyacademy.tests.ErrorValidations" name="submitOrder" time="7.213"/>
</testsuite> <!-- rahulshettyacademy.tests.ErrorValidations -->
