<?xml version="1.0" encoding="UTF-8"?>
<!-- Generated by org.testng.reporters.JUnitReportReporter -->
<testsuite hostname="NPC2" failures="0" tests="2" name="rahulshettyacademy.tests.ErrorValidationsTest" time="39.305" errors="0" timestamp="2024-06-14T21:56:29 EDT" skipped="0">
  <testcase classname="rahulshettyacademy.tests.ErrorValidationsTest" name="ProductErroValidation" time="31.212"/>
  <testcase classname="rahulshettyacademy.tests.ErrorValidationsTest" name="LoginErorValidation" time="8.093"/>
</testsuite> <!-- rahulshettyacademy.tests.ErrorValidationsTest -->
