<?xml version="1.0" encoding="UTF-8"?>
<!-- Generated by org.testng.reporters.JUnitReportReporter -->
<testsuite hostname="NPC2" failures="0" tests="2" name="rahulshettyacademy.tests.SubmitOrderTest" time="30.821" errors="0" timestamp="2024-06-14T21:56:29 EDT" skipped="0">
  <testcase classname="rahulshettyacademy.tests.SubmitOrderTest" name="submitOrder" time="22.496"/>
  <testcase classname="rahulshettyacademy.tests.SubmitOrderTest" name="OrderHistoryTest" time="8.325"/>
</testsuite> <!-- rahulshettyacademy.tests.SubmitOrderTest -->
