<?xml version="1.0" encoding="UTF-8"?>
<!-- Generated by org.testng.reporters.JUnitReportReporter -->
<testsuite hostname="NPC2" failures="0" tests="1" name="cucumber.TestNGTestRunner" time="22.174" errors="0" timestamp="2024-06-14T22:07:06 EDT" skipped="0">
  <testcase classname="cucumber.TestNGTestRunner" name="runScenario" time="22.174"/>
</testsuite> <!-- cucumber.TestNGTestRunner -->
